<?xml version="1.0" encoding="UTF-8"?>
<testsuite name="com.group.libraryapp.service.book.BookServiceTest" tests="4" skipped="0" failures="0" errors="0" timestamp="2024-03-14T09:14:45" hostname="DESKTOP-NRD007D" time="0.246">
  <properties/>
  <testcase name="책 대출 동작 테스트" classname="com.group.libraryapp.service.book.BookServiceTest" time="0.203"/>
  <testcase name="대출된 책, 재 대출 실패 테스트" classname="com.group.libraryapp.service.book.BookServiceTest" time="0.022"/>
  <testcase name="반납 정상 동작 테스트" classname="com.group.libraryapp.service.book.BookServiceTest" time="0.012"/>
  <testcase name="책 등록 테스트" classname="com.group.libraryapp.service.book.BookServiceTest" time="0.006"/>
  <system-out><![CDATA[2024-03-14 18:14:45.243  INFO 32052 --- [    Test worker] .b.t.c.SpringBootTestContextBootstrapper : Neither @ContextConfiguration nor @ContextHierarchy found for test class [com.group.libraryapp.service.book.BookServiceTest], using SpringBootContextLoader
2024-03-14 18:14:45.243  INFO 32052 --- [    Test worker] o.s.t.c.support.AbstractContextLoader    : Could not detect default resource locations for test class [com.group.libraryapp.service.book.BookServiceTest]: no resource found for suffixes {-context.xml, Context.groovy}.
2024-03-14 18:14:45.243  INFO 32052 --- [    Test worker] t.c.s.AnnotationConfigContextLoaderUtils : Could not detect default configuration classes for test class [com.group.libraryapp.service.book.BookServiceTest]: BookServiceTest does not declare any static, non-private, non-final, nested classes annotated with @Configuration.
2024-03-14 18:14:45.251  INFO 32052 --- [    Test worker] .b.t.c.SpringBootTestContextBootstrapper : Found @SpringBootConfiguration com.group.libraryapp.LibraryAppApplication for test class com.group.libraryapp.service.book.BookServiceTest
2024-03-14 18:14:45.253  INFO 32052 --- [    Test worker] .b.t.c.SpringBootTestContextBootstrapper : Loaded default TestExecutionListener class names from location [META-INF/spring.factories]: [org.springframework.boot.test.autoconfigure.restdocs.RestDocsTestExecutionListener, org.springframework.boot.test.autoconfigure.web.client.MockRestServiceServerResetTestExecutionListener, org.springframework.boot.test.autoconfigure.web.servlet.MockMvcPrintOnlyOnFailureTestExecutionListener, org.springframework.boot.test.autoconfigure.web.servlet.WebDriverTestExecutionListener, org.springframework.boot.test.autoconfigure.webservices.client.MockWebServiceServerTestExecutionListener, org.springframework.boot.test.mock.mockito.MockitoTestExecutionListener, org.springframework.boot.test.mock.mockito.ResetMocksTestExecutionListener, org.springframework.test.context.web.ServletTestExecutionListener, org.springframework.test.context.support.DirtiesContextBeforeModesTestExecutionListener, org.springframework.test.context.event.ApplicationEventsTestExecutionListener, org.springframework.test.context.support.DependencyInjectionTestExecutionListener, org.springframework.test.context.support.DirtiesContextTestExecutionListener, org.springframework.test.context.transaction.TransactionalTestExecutionListener, org.springframework.test.context.jdbc.SqlScriptsTestExecutionListener, org.springframework.test.context.event.EventPublishingTestExecutionListener]
2024-03-14 18:14:45.253  INFO 32052 --- [    Test worker] .b.t.c.SpringBootTestContextBootstrapper : Using TestExecutionListeners: [org.springframework.test.context.web.ServletTestExecutionListener@37bac0f4, org.springframework.test.context.support.DirtiesContextBeforeModesTestExecutionListener@20c55658, org.springframework.test.context.event.ApplicationEventsTestExecutionListener@951053f, org.springframework.boot.test.mock.mockito.MockitoTestExecutionListener@e196238, org.springframework.boot.test.autoconfigure.SpringBootDependencyInjectionTestExecutionListener@6f45be6f, org.springframework.test.context.support.DirtiesContextTestExecutionListener@65384249, org.springframework.test.context.transaction.TransactionalTestExecutionListener@6441db2c, org.springframework.test.context.jdbc.SqlScriptsTestExecutionListener@218c6d3e, org.springframework.test.context.event.EventPublishingTestExecutionListener@63f819a6, org.springframework.boot.test.autoconfigure.restdocs.RestDocsTestExecutionListener@44f5259a, org.springframework.boot.test.autoconfigure.web.client.MockRestServiceServerResetTestExecutionListener@2e871e93, org.springframework.boot.test.autoconfigure.web.servlet.MockMvcPrintOnlyOnFailureTestExecutionListener@6c2063e0, org.springframework.boot.test.autoconfigure.web.servlet.WebDriverTestExecutionListener@4f3672eb, org.springframework.boot.test.autoconfigure.webservices.client.MockWebServiceServerTestExecutionListener@22825762, org.springframework.boot.test.mock.mockito.ResetMocksTestExecutionListener@34e7a627]
Hibernate: 
    insert 
    into
        book
        (id, name) 
    values
        (default, ?)
Hibernate: 
    insert 
    into
        user
        (id, age, name) 
    values
        (default, ?, ?)
Hibernate: 
    select
        book0_.id as id1_0_,
        book0_.name as name2_0_ 
    from
        book book0_ 
    where
        book0_.name=?
Hibernate: 
    select
        userloanhi0_.id as id1_5_,
        userloanhi0_.book_name as book_nam2_5_,
        userloanhi0_.is_return as is_retur3_5_,
        userloanhi0_.user_id as user_id4_5_ 
    from
        user_loan_history userloanhi0_ 
    where
        userloanhi0_.book_name=? 
        and userloanhi0_.is_return=?
Hibernate: 
    select
        user0_.id as id1_4_,
        user0_.age as age2_4_,
        user0_.name as name3_4_ 
    from
        user user0_ 
    where
        user0_.name=?
Hibernate: 
    insert 
    into
        user_loan_history
        (id, book_name, is_return, user_id) 
    values
        (default, ?, ?, ?)
Hibernate: 
    select
        userloanhi0_.id as id1_5_,
        userloanhi0_.book_name as book_nam2_5_,
        userloanhi0_.is_return as is_retur3_5_,
        userloanhi0_.user_id as user_id4_5_ 
    from
        user_loan_history userloanhi0_
Hibernate: 
    select
        user0_.id as id1_4_0_,
        user0_.age as age2_4_0_,
        user0_.name as name3_4_0_ 
    from
        user user0_ 
    where
        user0_.id=?
Hibernate: 
    select
        book0_.id as id1_0_,
        book0_.name as name2_0_ 
    from
        book book0_
Hibernate: 
    delete 
    from
        book 
    where
        id=?
Hibernate: 
    select
        user0_.id as id1_4_,
        user0_.age as age2_4_,
        user0_.name as name3_4_ 
    from
        user user0_
Hibernate: 
    select
        userloanhi0_.user_id as user_id4_5_0_,
        userloanhi0_.id as id1_5_0_,
        userloanhi0_.id as id1_5_1_,
        userloanhi0_.book_name as book_nam2_5_1_,
        userloanhi0_.is_return as is_retur3_5_1_,
        userloanhi0_.user_id as user_id4_5_1_ 
    from
        user_loan_history userloanhi0_ 
    where
        userloanhi0_.user_id=?
Hibernate: 
    delete 
    from
        user_loan_history 
    where
        id=?
Hibernate: 
    delete 
    from
        user 
    where
        id=?
Hibernate: 
    insert 
    into
        book
        (id, name) 
    values
        (default, ?)
Hibernate: 
    insert 
    into
        user
        (id, age, name) 
    values
        (default, ?, ?)
Hibernate: 
    insert 
    into
        user_loan_history
        (id, book_name, is_return, user_id) 
    values
        (default, ?, ?, ?)
Hibernate: 
    select
        book0_.id as id1_0_,
        book0_.name as name2_0_ 
    from
        book book0_ 
    where
        book0_.name=?
Hibernate: 
    select
        userloanhi0_.id as id1_5_,
        userloanhi0_.book_name as book_nam2_5_,
        userloanhi0_.is_return as is_retur3_5_,
        userloanhi0_.user_id as user_id4_5_ 
    from
        user_loan_history userloanhi0_ 
    where
        userloanhi0_.book_name=? 
        and userloanhi0_.is_return=?
Hibernate: 
    select
        user0_.id as id1_4_0_,
        user0_.age as age2_4_0_,
        user0_.name as name3_4_0_ 
    from
        user user0_ 
    where
        user0_.id=?
Hibernate: 
    select
        book0_.id as id1_0_,
        book0_.name as name2_0_ 
    from
        book book0_
Hibernate: 
    delete 
    from
        book 
    where
        id=?
Hibernate: 
    select
        user0_.id as id1_4_,
        user0_.age as age2_4_,
        user0_.name as name3_4_ 
    from
        user user0_
Hibernate: 
    select
        userloanhi0_.user_id as user_id4_5_0_,
        userloanhi0_.id as id1_5_0_,
        userloanhi0_.id as id1_5_1_,
        userloanhi0_.book_name as book_nam2_5_1_,
        userloanhi0_.is_return as is_retur3_5_1_,
        userloanhi0_.user_id as user_id4_5_1_ 
    from
        user_loan_history userloanhi0_ 
    where
        userloanhi0_.user_id=?
Hibernate: 
    delete 
    from
        user_loan_history 
    where
        id=?
Hibernate: 
    delete 
    from
        user 
    where
        id=?
Hibernate: 
    insert 
    into
        book
        (id, name) 
    values
        (default, ?)
Hibernate: 
    insert 
    into
        user
        (id, age, name) 
    values
        (default, ?, ?)
Hibernate: 
    insert 
    into
        user_loan_history
        (id, book_name, is_return, user_id) 
    values
        (default, ?, ?, ?)
Hibernate: 
    select
        user0_.id as id1_4_,
        user0_.age as age2_4_,
        user0_.name as name3_4_ 
    from
        user user0_ 
    where
        user0_.name=?
Hibernate: 
    select
        userloanhi0_.user_id as user_id4_5_0_,
        userloanhi0_.id as id1_5_0_,
        userloanhi0_.id as id1_5_1_,
        userloanhi0_.book_name as book_nam2_5_1_,
        userloanhi0_.is_return as is_retur3_5_1_,
        userloanhi0_.user_id as user_id4_5_1_ 
    from
        user_loan_history userloanhi0_ 
    where
        userloanhi0_.user_id=?
Hibernate: 
    update
        user_loan_history 
    set
        book_name=?,
        is_return=?,
        user_id=? 
    where
        id=?
Hibernate: 
    select
        userloanhi0_.id as id1_5_,
        userloanhi0_.book_name as book_nam2_5_,
        userloanhi0_.is_return as is_retur3_5_,
        userloanhi0_.user_id as user_id4_5_ 
    from
        user_loan_history userloanhi0_
Hibernate: 
    select
        user0_.id as id1_4_0_,
        user0_.age as age2_4_0_,
        user0_.name as name3_4_0_ 
    from
        user user0_ 
    where
        user0_.id=?
Hibernate: 
    select
        book0_.id as id1_0_,
        book0_.name as name2_0_ 
    from
        book book0_
Hibernate: 
    delete 
    from
        book 
    where
        id=?
Hibernate: 
    select
        user0_.id as id1_4_,
        user0_.age as age2_4_,
        user0_.name as name3_4_ 
    from
        user user0_
Hibernate: 
    select
        userloanhi0_.user_id as user_id4_5_0_,
        userloanhi0_.id as id1_5_0_,
        userloanhi0_.id as id1_5_1_,
        userloanhi0_.book_name as book_nam2_5_1_,
        userloanhi0_.is_return as is_retur3_5_1_,
        userloanhi0_.user_id as user_id4_5_1_ 
    from
        user_loan_history userloanhi0_ 
    where
        userloanhi0_.user_id=?
Hibernate: 
    delete 
    from
        user_loan_history 
    where
        id=?
Hibernate: 
    delete 
    from
        user 
    where
        id=?
Hibernate: 
    insert 
    into
        book
        (id, name) 
    values
        (default, ?)
Hibernate: 
    select
        book0_.id as id1_0_,
        book0_.name as name2_0_ 
    from
        book book0_
Hibernate: 
    select
        book0_.id as id1_0_,
        book0_.name as name2_0_ 
    from
        book book0_
Hibernate: 
    delete 
    from
        book 
    where
        id=?
Hibernate: 
    select
        user0_.id as id1_4_,
        user0_.age as age2_4_,
        user0_.name as name3_4_ 
    from
        user user0_
]]></system-out>
  <system-err><![CDATA[]]></system-err>
</testsuite>
